
  .   ____          _            __ _ _
 /\\ / ___'_ __ _ _(_)_ __  __ _ \ \ \ \
( ( )\___ | '_ | '_| | '_ \/ _` | \ \ \ \
 \\/  ___)| |_)| | | | | || (_| |  ) ) ) )
  '  |____| .__|_| |_|_| |_\__, | / / / /
 =========|_|==============|___/=/_/_/_/
 :: Spring Boot ::        (v1.4.3.RELEASE)

2023-12-11 16:38:07.186  INFO 18904 --- [           main] c.s.test.rogersmoneris.MockMonerisApp    : Starting MockMonerisApp v0.0.1-SNAPSHOT on L014794 with PID 18904 (C:\Users\Farheen.Syed\Downloads\CIPSC\tn-dispatcher\monerismock\target\monerismock-0.0.1-SNAPSHOT.jar started by Farheen.Syed in C:\Users\Farheen.Syed\Downloads\CIPSC\tn-dispatcher\monerismock\src\main\bin)
2023-12-11 16:38:07.206  INFO 18904 --- [           main] c.s.test.rogersmoneris.MockMonerisApp    : No active profile set, falling back to default profiles: default
2023-12-11 16:38:07.386  INFO 18904 --- [           main] ationConfigEmbeddedWebApplicationContext : Refreshing org.springframework.boot.context.embedded.AnnotationConfigEmbeddedWebApplicationContext@61e4705b: startup date [Mon Dec 11 16:38:07 EST 2023]; root of context hierarchy
2023-12-11 16:38:11.944  INFO 18904 --- [           main] s.b.c.e.t.TomcatEmbeddedServletContainer : Tomcat initialized with port(s): 7051 (https)
2023-12-11 16:38:11.975  INFO 18904 --- [           main] o.apache.catalina.core.StandardService   : Starting service Tomcat
2023-12-11 16:38:11.985  INFO 18904 --- [           main] org.apache.catalina.core.StandardEngine  : Starting Servlet Engine: Apache Tomcat/8.5.6
2023-12-11 16:38:13.022  INFO 18904 --- [ost-startStop-1] o.a.c.c.C.[Tomcat].[localhost].[/]       : Initializing Spring embedded WebApplicationContext
2023-12-11 16:38:13.022  INFO 18904 --- [ost-startStop-1] o.s.web.context.ContextLoader            : Root WebApplicationContext: initialization completed in 5636 ms
2023-12-11 16:38:13.360  INFO 18904 --- [ost-startStop-1] o.s.b.w.servlet.ServletRegistrationBean  : Mapping servlet: 'dispatcherServlet' to [/]
2023-12-11 16:38:13.380  INFO 18904 --- [ost-startStop-1] o.s.b.w.servlet.FilterRegistrationBean   : Mapping filter: 'characterEncodingFilter' to: [/*]
2023-12-11 16:38:13.380  INFO 18904 --- [ost-startStop-1] o.s.b.w.servlet.FilterRegistrationBean   : Mapping filter: 'hiddenHttpMethodFilter' to: [/*]
2023-12-11 16:38:13.380  INFO 18904 --- [ost-startStop-1] o.s.b.w.servlet.FilterRegistrationBean   : Mapping filter: 'httpPutFormContentFilter' to: [/*]
2023-12-11 16:38:13.380  INFO 18904 --- [ost-startStop-1] o.s.b.w.servlet.FilterRegistrationBean   : Mapping filter: 'requestContextFilter' to: [/*]
2023-12-11 16:38:13.540  INFO 18904 --- [           main] o.s.oxm.jaxb.Jaxb2Marshaller             : Creating JAXBContext with context path [com.semafone.test.rogersmoneris.generated.mnrequest]
2023-12-11 16:38:13.709  INFO 18904 --- [           main] o.s.oxm.jaxb.Jaxb2Marshaller             : Creating JAXBContext with context path [com.semafone.test.rogersmoneris.generated.mnresponse]
2023-12-11 16:38:13.843  INFO 18904 --- [           main] c.s.t.r.profile.MockDataParser           : --------------Adding Credentials--------------
2023-12-11 16:38:13.844  INFO 18904 --- [           main] c.s.t.r.profile.MockDataParser           : [username, password]
2023-12-11 16:38:13.845  INFO 18904 --- [           main] c.s.t.r.profile.MockDataParser           : --------------Adding Card Profile--------------
2023-12-11 16:38:13.846  INFO 18904 --- [           main] c.s.t.r.profile.MockDataParser           : [100, 5404000000000001, 9668475942450001, M]
2023-12-11 16:38:13.862  INFO 18904 --- [           main] c.s.t.r.profile.MockDataParser           : --------------Adding Card Profile--------------
2023-12-11 16:38:13.862  INFO 18904 --- [           main] c.s.t.r.profile.MockDataParser           : [100, 4111111111111111, 9668475942450012, V]
2023-12-11 16:38:13.863  INFO 18904 --- [           main] c.s.t.r.profile.MockDataParser           : --------------Adding Card Profile--------------
2023-12-11 16:38:13.864  INFO 18904 --- [           main] c.s.t.r.profile.MockDataParser           : [100, 5105105105105100, 9668475942450013, M]
2023-12-11 16:38:13.864  INFO 18904 --- [           main] c.s.t.r.profile.MockDataParser           : --------------Adding Card Profile--------------
2023-12-11 16:38:13.865  INFO 18904 --- [           main] c.s.t.r.profile.MockDataParser           : [100, 5555555555554444, 9668475942450014, M]
2023-12-11 16:38:13.865  INFO 18904 --- [           main] c.s.t.r.profile.MockDataParser           : --------------Adding Card Profile--------------
2023-12-11 16:38:13.866  INFO 18904 --- [           main] c.s.t.r.profile.MockDataParser           : [100, 2223000048400011, 9668475942450015, M]
2023-12-11 16:38:13.866  INFO 18904 --- [           main] c.s.t.r.profile.MockDataParser           : --------------Adding Card Profile--------------
2023-12-11 16:38:13.866  INFO 18904 --- [           main] c.s.t.r.profile.MockDataParser           : [100, 2720990048400011, 9668475942450715, M]
2023-12-11 16:38:13.866  INFO 18904 --- [           main] c.s.t.r.profile.MockDataParser           : --------------Adding Card Profile--------------
2023-12-11 16:38:13.867  INFO 18904 --- [           main] c.s.t.r.profile.MockDataParser           : [100, 378282246310005, 9668475942450016, A]
2023-12-11 16:38:13.867  INFO 18904 --- [           main] c.s.t.r.profile.MockDataParser           : --------------Adding Card Profile--------------
2023-12-11 16:38:13.867  INFO 18904 --- [           main] c.s.t.r.profile.MockDataParser           : [100, 38520000023237, 9668475942450017, D]
2023-12-11 16:38:13.867  INFO 18904 --- [           main] c.s.t.r.profile.MockDataParser           : --------------Adding Card Profile--------------
2023-12-11 16:38:13.867  INFO 18904 --- [           main] c.s.t.r.profile.MockDataParser           : [101, , 9668475942450002, ]
2023-12-11 16:38:13.867  INFO 18904 --- [           main] c.s.t.r.profile.MockDataParser           : --------------Adding Card Profile--------------
2023-12-11 16:38:13.867  INFO 18904 --- [           main] c.s.t.r.profile.MockDataParser           : [102, 5404000555000001, , M]
2023-12-11 16:38:13.868  INFO 18904 --- [           main] c.s.t.r.profile.MockDataParser           : --------------Adding Card Profile--------------
2023-12-11 16:38:13.868  INFO 18904 --- [           main] c.s.t.r.profile.MockDataParser           : [103, 3569990000000009, , M]
2023-12-11 16:38:13.868  INFO 18904 --- [           main] c.s.t.r.profile.MockDataParser           : --------------Adding Card Profile--------------
2023-12-11 16:38:13.868  INFO 18904 --- [           main] c.s.t.r.profile.MockDataParser           : [104, 4917300000000008, , V]
2023-12-11 16:38:13.868  INFO 18904 --- [           main] c.s.t.r.profile.MockDataParser           : --------------Adding Card Profile--------------
2023-12-11 16:38:13.870  INFO 18904 --- [           main] c.s.t.r.profile.MockDataParser           : [105, 5404000000000043, , M]
2023-12-11 16:38:13.871  INFO 18904 --- [           main] c.s.t.r.profile.MockDataParser           : --------------Adding Card Profile--------------
2023-12-11 16:38:13.871  INFO 18904 --- [           main] c.s.t.r.profile.MockDataParser           : [106a, 5404000000000084, 9668475942450003, M]
2023-12-11 16:38:13.872  INFO 18904 --- [           main] c.s.t.r.profile.MockDataParser           : --------------Adding Card Profile--------------
2023-12-11 16:38:13.872  INFO 18904 --- [           main] c.s.t.r.profile.MockDataParser           : [106b, 5404000000000284, 9668475942450023, M]
2023-12-11 16:38:13.872  INFO 18904 --- [           main] c.s.t.r.profile.MockDataParser           : --------------Adding Card Profile--------------
2023-12-11 16:38:13.872  INFO 18904 --- [           main] c.s.t.r.profile.MockDataParser           : [200, 5404000000000068, 9668475942450004, M]
2023-12-11 16:38:13.872  INFO 18904 --- [           main] c.s.t.r.profile.MockDataParser           : --------------Adding Card Profile--------------
2023-12-11 16:38:13.872  INFO 18904 --- [           main] c.s.t.r.profile.MockDataParser           : [201, 5404000000001168, 9668475942451104, M]
2023-12-11 16:38:13.873  INFO 18904 --- [           main] c.s.t.r.profile.MockDataParser           : --------------Adding Card Profile--------------
2023-12-11 16:38:13.873  INFO 18904 --- [           main] c.s.t.r.profile.MockDataParser           : [null, 4000000000000002, 9668475942450005, V]
2023-12-11 16:38:13.873  INFO 18904 --- [           main] c.s.t.r.profile.MockDataParser           : --------------Adding Card Profile--------------
2023-12-11 16:38:13.873  INFO 18904 --- [           main] c.s.t.r.profile.MockDataParser           : [x1, 4000000000003001, 9668475942453001, V]
2023-12-11 16:38:14.904  INFO 18904 --- [           main] s.w.s.m.m.a.RequestMappingHandlerAdapter : Looking for @ControllerAdvice: org.springframework.boot.context.embedded.AnnotationConfigEmbeddedWebApplicationContext@61e4705b: startup date [Mon Dec 11 16:38:07 EST 2023]; root of context hierarchy
2023-12-11 16:38:15.583  INFO 18904 --- [           main] s.w.s.m.m.a.RequestMappingHandlerMapping : Mapped "{[/moneris],methods=[POST],produces=[application/xml]}" onto public .lang.String com.semafone.test.rogersmoneris.controller.TokenisationController.handlePost(.lang.String) throws org.springframework.oxm.XmlMappingException,.io.IOException
2023-12-11 16:38:15.594  INFO 18904 --- [           main] s.w.s.m.m.a.RequestMappingHandlerMapping : Mapped "{[/error],produces=[text/html]}" onto public org.springframework.web.servlet.ModelAndView org.springframework.boot.autoconfigure.web.BasicErrorController.errorHtml(x.servlet.http.HttpServletRequest,x.servlet.http.HttpServletResponse)
2023-12-11 16:38:15.594  INFO 18904 --- [           main] s.w.s.m.m.a.RequestMappingHandlerMapping : Mapped "{[/error]}" onto public org.springframework.http.ResponseEntity<.util.Map<java.lang.String, java.lang.Object>> org.springframework.boot.autoconfigure.web.BasicErrorController.error(javax.servlet.http.HttpServletRequest)
2023-12-11 16:38:15.769  INFO 18904 --- [           main] o.s.w.s.handler.SimpleUrlHandlerMapping  : Mapped URL path [/webjars/**] onto handler of type [class org.springframework.web.servlet.resource.ResourceHttpRequestHandler]
2023-12-11 16:38:15.769  INFO 18904 --- [           main] o.s.w.s.handler.SimpleUrlHandlerMapping  : Mapped URL path [/**] onto handler of type [class org.springframework.web.servlet.resource.ResourceHttpRequestHandler]
2023-12-11 16:38:15.893  INFO 18904 --- [           main] o.s.w.s.handler.SimpleUrlHandlerMapping  : Mapped URL path [/**/favicon.ico] onto handler of type [class org.springframework.web.servlet.resource.ResourceHttpRequestHandler]
2023-12-11 16:38:16.436  INFO 18904 --- [           main] o.s.j.e.a.AnnotationMBeanExporter        : Registering beans for JMX exposure on startup
2023-12-11 16:38:20.304 ERROR 18904 --- [           main] org.apache.tomcat.util.net.SSLUtilBase   : Failed to load keystore type [PKCS12] with path [file:/C:/Users/Farheen.Syed/Downloads/CIPSC/tn-dispatcher/monerismock/src/main/bin/monerismock.p12] due to [C:\Users\Farheen.Syed\Downloads\CIPSC\tn-dispatcher\monerismock\src\main\bin\monerismock.p12 (The system cannot find the file specified)]

java.io.FileNotFoundException: C:\Users\Farheen.Syed\Downloads\CIPSC\tn-dispatcher\monerismock\src\main\bin\monerismock.p12 (The system cannot find the file specified)
	at java.io.FileInputStream.open0(Native Method) ~[na:1.8.0_361]
	at java.io.FileInputStream.open(FileInputStream.java:195) ~[na:1.8.0_361]
	at java.io.FileInputStream.<init>(FileInputStream.java:138) ~[na:1.8.0_361]
	at java.io.FileInputStream.<init>(FileInputStream.java:93) ~[na:1.8.0_361]
	at sun.net.www.protocol.file.FileURLConnection.connect(FileURLConnection.java:90) ~[na:1.8.0_361]
	at sun.net.www.protocol.file.FileURLConnection.getInputStream(FileURLConnection.java:188) ~[na:1.8.0_361]
	at org.apache.tomcat.util.file.ConfigFileLoader.getInputStream(ConfigFileLoader.java:96) ~[tomcat-embed-core-8.5.6.jar!/:8.5.6]
	at org.apache.tomcat.util.net.SSLUtilBase.getStore(SSLUtilBase.java:129) ~[tomcat-embed-core-8.5.6.jar!/:8.5.6]
	at org.apache.tomcat.util.net.SSLHostConfigCertificate.getCertificateKeystore(SSLHostConfigCertificate.java:187) [tomcat-embed-core-8.5.6.jar!/:8.5.6]
	at org.apache.tomcat.util.net.jsse.JSSEUtil.getKeyManagers(JSSEUtil.java:185) [tomcat-embed-core-8.5.6.jar!/:8.5.6]
	at org.apache.tomcat.util.net.AbstractJsseEndpoint.createSSLContext(AbstractJsseEndpoint.java:101) [tomcat-embed-core-8.5.6.jar!/:8.5.6]
	at org.apache.tomcat.util.net.AbstractJsseEndpoint.initialiseSsl(AbstractJsseEndpoint.java:81) [tomcat-embed-core-8.5.6.jar!/:8.5.6]
	at org.apache.tomcat.util.net.NioEndpoint.bind(NioEndpoint.java:244) [tomcat-embed-core-8.5.6.jar!/:8.5.6]
	at org.apache.tomcat.util.net.AbstractEndpoint.start(AbstractEndpoint.java:874) [tomcat-embed-core-8.5.6.jar!/:8.5.6]
	at org.apache.coyote.AbstractProtocol.start(AbstractProtocol.java:590) [tomcat-embed-core-8.5.6.jar!/:8.5.6]
	at org.apache.catalina.connector.Connector.startInternal(Connector.java:969) [tomcat-embed-core-8.5.6.jar!/:8.5.6]
	at org.apache.catalina.util.LifecycleBase.start(LifecycleBase.java:150) [tomcat-embed-core-8.5.6.jar!/:8.5.6]
	at org.apache.catalina.core.StandardService.addConnector(StandardService.java:225) [tomcat-embed-core-8.5.6.jar!/:8.5.6]
	at org.springframework.boot.context.embedded.tomcat.TomcatEmbeddedServletContainer.addPreviouslyRemovedConnectors(TomcatEmbeddedServletContainer.java:233) [spring-boot-1.4.3.RELEASE.jar!/:1.4.3.RELEASE]
	at org.springframework.boot.context.embedded.tomcat.TomcatEmbeddedServletContainer.start(TomcatEmbeddedServletContainer.java:178) [spring-boot-1.4.3.RELEASE.jar!/:1.4.3.RELEASE]
	at org.springframework.boot.context.embedded.EmbeddedWebApplicationContext.startEmbeddedServletContainer(EmbeddedWebApplicationContext.java:297) [spring-boot-1.4.3.RELEASE.jar!/:1.4.3.RELEASE]
	at org.springframework.boot.context.embedded.EmbeddedWebApplicationContext.finishRefresh(EmbeddedWebApplicationContext.java:145) [spring-boot-1.4.3.RELEASE.jar!/:1.4.3.RELEASE]
	at org.springframework.context.support.AbstractApplicationContext.refresh(AbstractApplicationContext.java:545) [spring-context-4.3.5.RELEASE.jar!/:4.3.5.RELEASE]
	at org.springframework.boot.context.embedded.EmbeddedWebApplicationContext.refresh(EmbeddedWebApplicationContext.java:122) [spring-boot-1.4.3.RELEASE.jar!/:1.4.3.RELEASE]
	at org.springframework.boot.SpringApplication.refresh(SpringApplication.java:761) [spring-boot-1.4.3.RELEASE.jar!/:1.4.3.RELEASE]
	at org.springframework.boot.SpringApplication.refreshContext(SpringApplication.java:371) [spring-boot-1.4.3.RELEASE.jar!/:1.4.3.RELEASE]
	at org.springframework.boot.SpringApplication.run(SpringApplication.java:315) [spring-boot-1.4.3.RELEASE.jar!/:1.4.3.RELEASE]
	at org.springframework.boot.SpringApplication.run(SpringApplication.java:1186) [spring-boot-1.4.3.RELEASE.jar!/:1.4.3.RELEASE]
	at org.springframework.boot.SpringApplication.run(SpringApplication.java:1175) [spring-boot-1.4.3.RELEASE.jar!/:1.4.3.RELEASE]
	at com.semafone.test.rogersmoneris.MockMonerisApp.main(MockMonerisApp.java:9) [classes!/:0.0.1-SNAPSHOT]
	at sun.reflect.NativeMethodAccessorImpl.invoke0(Native Method) ~[na:1.8.0_361]
	at sun.reflect.NativeMethodAccessorImpl.invoke(NativeMethodAccessorImpl.java:62) ~[na:1.8.0_361]
	at sun.reflect.DelegatingMethodAccessorImpl.invoke(DelegatingMethodAccessorImpl.java:43) ~[na:1.8.0_361]
	at java.lang.reflect.Method.invoke(Method.java:498) ~[na:1.8.0_361]
	at org.springframework.boot.loader.MainMethodRunner.run(MainMethodRunner.java:48) [monerismock-0.0.1-SNAPSHOT.jar:0.0.1-SNAPSHOT]
	at org.springframework.boot.loader.Launcher.launch(Launcher.java:87) [monerismock-0.0.1-SNAPSHOT.jar:0.0.1-SNAPSHOT]
	at org.springframework.boot.loader.Launcher.launch(Launcher.java:50) [monerismock-0.0.1-SNAPSHOT.jar:0.0.1-SNAPSHOT]
	at org.springframework.boot.loader.JarLauncher.main(JarLauncher.java:51) [monerismock-0.0.1-SNAPSHOT.jar:0.0.1-SNAPSHOT]

2023-12-11 16:38:20.304 ERROR 18904 --- [           main] o.a.coyote.http11.Http11NioProtocol      : Failed to start end point associated with ProtocolHandler [https-jsse-nio-7051]

java.lang.IllegalArgumentException: java.io.FileNotFoundException: C:\Users\Farheen.Syed\Downloads\CIPSC\tn-dispatcher\monerismock\src\main\bin\monerismock.p12 (The system cannot find the file specified)
	at org.apache.tomcat.util.net.AbstractJsseEndpoint.createSSLContext(AbstractJsseEndpoint.java:103) ~[tomcat-embed-core-8.5.6.jar!/:8.5.6]
	at org.apache.tomcat.util.net.AbstractJsseEndpoint.initialiseSsl(AbstractJsseEndpoint.java:81) ~[tomcat-embed-core-8.5.6.jar!/:8.5.6]
	at org.apache.tomcat.util.net.NioEndpoint.bind(NioEndpoint.java:244) ~[tomcat-embed-core-8.5.6.jar!/:8.5.6]
	at org.apache.tomcat.util.net.AbstractEndpoint.start(AbstractEndpoint.java:874) ~[tomcat-embed-core-8.5.6.jar!/:8.5.6]
	at org.apache.coyote.AbstractProtocol.start(AbstractProtocol.java:590) ~[tomcat-embed-core-8.5.6.jar!/:8.5.6]
	at org.apache.catalina.connector.Connector.startInternal(Connector.java:969) [tomcat-embed-core-8.5.6.jar!/:8.5.6]
	at org.apache.catalina.util.LifecycleBase.start(LifecycleBase.java:150) [tomcat-embed-core-8.5.6.jar!/:8.5.6]
	at org.apache.catalina.core.StandardService.addConnector(StandardService.java:225) [tomcat-embed-core-8.5.6.jar!/:8.5.6]
	at org.springframework.boot.context.embedded.tomcat.TomcatEmbeddedServletContainer.addPreviouslyRemovedConnectors(TomcatEmbeddedServletContainer.java:233) [spring-boot-1.4.3.RELEASE.jar!/:1.4.3.RELEASE]
	at org.springframework.boot.context.embedded.tomcat.TomcatEmbeddedServletContainer.start(TomcatEmbeddedServletContainer.java:178) [spring-boot-1.4.3.RELEASE.jar!/:1.4.3.RELEASE]
	at org.springframework.boot.context.embedded.EmbeddedWebApplicationContext.startEmbeddedServletContainer(EmbeddedWebApplicationContext.java:297) [spring-boot-1.4.3.RELEASE.jar!/:1.4.3.RELEASE]
	at org.springframework.boot.context.embedded.EmbeddedWebApplicationContext.finishRefresh(EmbeddedWebApplicationContext.java:145) [spring-boot-1.4.3.RELEASE.jar!/:1.4.3.RELEASE]
	at org.springframework.context.support.AbstractApplicationContext.refresh(AbstractApplicationContext.java:545) [spring-context-4.3.5.RELEASE.jar!/:4.3.5.RELEASE]
	at org.springframework.boot.context.embedded.EmbeddedWebApplicationContext.refresh(EmbeddedWebApplicationContext.java:122) [spring-boot-1.4.3.RELEASE.jar!/:1.4.3.RELEASE]
	at org.springframework.boot.SpringApplication.refresh(SpringApplication.java:761) [spring-boot-1.4.3.RELEASE.jar!/:1.4.3.RELEASE]
	at org.springframework.boot.SpringApplication.refreshContext(SpringApplication.java:371) [spring-boot-1.4.3.RELEASE.jar!/:1.4.3.RELEASE]
	at org.springframework.boot.SpringApplication.run(SpringApplication.java:315) [spring-boot-1.4.3.RELEASE.jar!/:1.4.3.RELEASE]
	at org.springframework.boot.SpringApplication.run(SpringApplication.java:1186) [spring-boot-1.4.3.RELEASE.jar!/:1.4.3.RELEASE]
	at org.springframework.boot.SpringApplication.run(SpringApplication.java:1175) [spring-boot-1.4.3.RELEASE.jar!/:1.4.3.RELEASE]
	at com.semafone.test.rogersmoneris.MockMonerisApp.main(MockMonerisApp.java:9) [classes!/:0.0.1-SNAPSHOT]
	at sun.reflect.NativeMethodAccessorImpl.invoke0(Native Method) ~[na:1.8.0_361]
	at sun.reflect.NativeMethodAccessorImpl.invoke(NativeMethodAccessorImpl.java:62) ~[na:1.8.0_361]
	at sun.reflect.DelegatingMethodAccessorImpl.invoke(DelegatingMethodAccessorImpl.java:43) ~[na:1.8.0_361]
	at java.lang.reflect.Method.invoke(Method.java:498) ~[na:1.8.0_361]
	at org.springframework.boot.loader.MainMethodRunner.run(MainMethodRunner.java:48) [monerismock-0.0.1-SNAPSHOT.jar:0.0.1-SNAPSHOT]
	at org.springframework.boot.loader.Launcher.launch(Launcher.java:87) [monerismock-0.0.1-SNAPSHOT.jar:0.0.1-SNAPSHOT]
	at org.springframework.boot.loader.Launcher.launch(Launcher.java:50) [monerismock-0.0.1-SNAPSHOT.jar:0.0.1-SNAPSHOT]
	at org.springframework.boot.loader.JarLauncher.main(JarLauncher.java:51) [monerismock-0.0.1-SNAPSHOT.jar:0.0.1-SNAPSHOT]
Caused by: java.io.FileNotFoundException: C:\Users\Farheen.Syed\Downloads\CIPSC\tn-dispatcher\monerismock\src\main\bin\monerismock.p12 (The system cannot find the file specified)
	at java.io.FileInputStream.open0(Native Method) ~[na:1.8.0_361]
	at java.io.FileInputStream.open(FileInputStream.java:195) ~[na:1.8.0_361]
	at java.io.FileInputStream.<init>(FileInputStream.java:138) ~[na:1.8.0_361]
	at java.io.FileInputStream.<init>(FileInputStream.java:93) ~[na:1.8.0_361]
	at sun.net.www.protocol.file.FileURLConnection.connect(FileURLConnection.java:90) ~[na:1.8.0_361]
	at sun.net.www.protocol.file.FileURLConnection.getInputStream(FileURLConnection.java:188) ~[na:1.8.0_361]
	at org.apache.tomcat.util.file.ConfigFileLoader.getInputStream(ConfigFileLoader.java:96) ~[tomcat-embed-core-8.5.6.jar!/:8.5.6]
	at org.apache.tomcat.util.net.SSLUtilBase.getStore(SSLUtilBase.java:129) ~[tomcat-embed-core-8.5.6.jar!/:8.5.6]
	at org.apache.tomcat.util.net.SSLHostConfigCertificate.getCertificateKeystore(SSLHostConfigCertificate.java:187) ~[tomcat-embed-core-8.5.6.jar!/:8.5.6]
	at org.apache.tomcat.util.net.jsse.JSSEUtil.getKeyManagers(JSSEUtil.java:185) ~[tomcat-embed-core-8.5.6.jar!/:8.5.6]
	at org.apache.tomcat.util.net.AbstractJsseEndpoint.createSSLContext(AbstractJsseEndpoint.java:101) ~[tomcat-embed-core-8.5.6.jar!/:8.5.6]
	... 27 common frames omitted

2023-12-11 16:38:20.314 ERROR 18904 --- [           main] o.apache.catalina.core.StandardService   : Failed to start connector [Connector[HTTP/1.1-7051]]

org.apache.catalina.LifecycleException: Failed to start component [Connector[HTTP/1.1-7051]]
	at org.apache.catalina.util.LifecycleBase.start(LifecycleBase.java:167) ~[tomcat-embed-core-8.5.6.jar!/:8.5.6]
	at org.apache.catalina.core.StandardService.addConnector(StandardService.java:225) ~[tomcat-embed-core-8.5.6.jar!/:8.5.6]
	at org.springframework.boot.context.embedded.tomcat.TomcatEmbeddedServletContainer.addPreviouslyRemovedConnectors(TomcatEmbeddedServletContainer.java:233) [spring-boot-1.4.3.RELEASE.jar!/:1.4.3.RELEASE]
	at org.springframework.boot.context.embedded.tomcat.TomcatEmbeddedServletContainer.start(TomcatEmbeddedServletContainer.java:178) [spring-boot-1.4.3.RELEASE.jar!/:1.4.3.RELEASE]
	at org.springframework.boot.context.embedded.EmbeddedWebApplicationContext.startEmbeddedServletContainer(EmbeddedWebApplicationContext.java:297) [spring-boot-1.4.3.RELEASE.jar!/:1.4.3.RELEASE]
	at org.springframework.boot.context.embedded.EmbeddedWebApplicationContext.finishRefresh(EmbeddedWebApplicationContext.java:145) [spring-boot-1.4.3.RELEASE.jar!/:1.4.3.RELEASE]
	at org.springframework.context.support.AbstractApplicationContext.refresh(AbstractApplicationContext.java:545) [spring-context-4.3.5.RELEASE.jar!/:4.3.5.RELEASE]
	at org.springframework.boot.context.embedded.EmbeddedWebApplicationContext.refresh(EmbeddedWebApplicationContext.java:122) [spring-boot-1.4.3.RELEASE.jar!/:1.4.3.RELEASE]
	at org.springframework.boot.SpringApplication.refresh(SpringApplication.java:761) [spring-boot-1.4.3.RELEASE.jar!/:1.4.3.RELEASE]
	at org.springframework.boot.SpringApplication.refreshContext(SpringApplication.java:371) [spring-boot-1.4.3.RELEASE.jar!/:1.4.3.RELEASE]
	at org.springframework.boot.SpringApplication.run(SpringApplication.java:315) [spring-boot-1.4.3.RELEASE.jar!/:1.4.3.RELEASE]
	at org.springframework.boot.SpringApplication.run(SpringApplication.java:1186) [spring-boot-1.4.3.RELEASE.jar!/:1.4.3.RELEASE]
	at org.springframework.boot.SpringApplication.run(SpringApplication.java:1175) [spring-boot-1.4.3.RELEASE.jar!/:1.4.3.RELEASE]
	at com.semafone.test.rogersmoneris.MockMonerisApp.main(MockMonerisApp.java:9) [classes!/:0.0.1-SNAPSHOT]
	at sun.reflect.NativeMethodAccessorImpl.invoke0(Native Method) ~[na:1.8.0_361]
	at sun.reflect.NativeMethodAccessorImpl.invoke(NativeMethodAccessorImpl.java:62) ~[na:1.8.0_361]
	at sun.reflect.DelegatingMethodAccessorImpl.invoke(DelegatingMethodAccessorImpl.java:43) ~[na:1.8.0_361]
	at java.lang.reflect.Method.invoke(Method.java:498) ~[na:1.8.0_361]
	at org.springframework.boot.loader.MainMethodRunner.run(MainMethodRunner.java:48) [monerismock-0.0.1-SNAPSHOT.jar:0.0.1-SNAPSHOT]
	at org.springframework.boot.loader.Launcher.launch(Launcher.java:87) [monerismock-0.0.1-SNAPSHOT.jar:0.0.1-SNAPSHOT]
	at org.springframework.boot.loader.Launcher.launch(Launcher.java:50) [monerismock-0.0.1-SNAPSHOT.jar:0.0.1-SNAPSHOT]
	at org.springframework.boot.loader.JarLauncher.main(JarLauncher.java:51) [monerismock-0.0.1-SNAPSHOT.jar:0.0.1-SNAPSHOT]
Caused by: org.apache.catalina.LifecycleException: service.getName(): "Tomcat";  Protocol handler start failed
	at org.apache.catalina.connector.Connector.startInternal(Connector.java:976) ~[tomcat-embed-core-8.5.6.jar!/:8.5.6]
	at org.apache.catalina.util.LifecycleBase.start(LifecycleBase.java:150) ~[tomcat-embed-core-8.5.6.jar!/:8.5.6]
	... 21 common frames omitted
Caused by: java.lang.IllegalArgumentException: java.io.FileNotFoundException: C:\Users\Farheen.Syed\Downloads\CIPSC\tn-dispatcher\monerismock\src\main\bin\monerismock.p12 (The system cannot find the file specified)
	at org.apache.tomcat.util.net.AbstractJsseEndpoint.createSSLContext(AbstractJsseEndpoint.java:103) ~[tomcat-embed-core-8.5.6.jar!/:8.5.6]
	at org.apache.tomcat.util.net.AbstractJsseEndpoint.initialiseSsl(AbstractJsseEndpoint.java:81) ~[tomcat-embed-core-8.5.6.jar!/:8.5.6]
	at org.apache.tomcat.util.net.NioEndpoint.bind(NioEndpoint.java:244) ~[tomcat-embed-core-8.5.6.jar!/:8.5.6]
	at org.apache.tomcat.util.net.AbstractEndpoint.start(AbstractEndpoint.java:874) ~[tomcat-embed-core-8.5.6.jar!/:8.5.6]
	at org.apache.coyote.AbstractProtocol.start(AbstractProtocol.java:590) ~[tomcat-embed-core-8.5.6.jar!/:8.5.6]
	at org.apache.catalina.connector.Connector.startInternal(Connector.java:969) ~[tomcat-embed-core-8.5.6.jar!/:8.5.6]
	... 22 common frames omitted
Caused by: java.io.FileNotFoundException: C:\Users\Farheen.Syed\Downloads\CIPSC\tn-dispatcher\monerismock\src\main\bin\monerismock.p12 (The system cannot find the file specified)
	at java.io.FileInputStream.open0(Native Method) ~[na:1.8.0_361]
	at java.io.FileInputStream.open(FileInputStream.java:195) ~[na:1.8.0_361]
	at java.io.FileInputStream.<init>(FileInputStream.java:138) ~[na:1.8.0_361]
	at java.io.FileInputStream.<init>(FileInputStream.java:93) ~[na:1.8.0_361]
	at sun.net.www.protocol.file.FileURLConnection.connect(FileURLConnection.java:90) ~[na:1.8.0_361]
	at sun.net.www.protocol.file.FileURLConnection.getInputStream(FileURLConnection.java:188) ~[na:1.8.0_361]
	at org.apache.tomcat.util.file.ConfigFileLoader.getInputStream(ConfigFileLoader.java:96) ~[tomcat-embed-core-8.5.6.jar!/:8.5.6]
	at org.apache.tomcat.util.net.SSLUtilBase.getStore(SSLUtilBase.java:129) ~[tomcat-embed-core-8.5.6.jar!/:8.5.6]
	at org.apache.tomcat.util.net.SSLHostConfigCertificate.getCertificateKeystore(SSLHostConfigCertificate.java:187) ~[tomcat-embed-core-8.5.6.jar!/:8.5.6]
	at org.apache.tomcat.util.net.jsse.JSSEUtil.getKeyManagers(JSSEUtil.java:185) ~[tomcat-embed-core-8.5.6.jar!/:8.5.6]
	at org.apache.tomcat.util.net.AbstractJsseEndpoint.createSSLContext(AbstractJsseEndpoint.java:101) ~[tomcat-embed-core-8.5.6.jar!/:8.5.6]
	... 27 common frames omitted

2023-12-11 16:38:20.334  INFO 18904 --- [           main] o.apache.catalina.core.StandardService   : Stopping service Tomcat
2023-12-11 16:38:20.434  INFO 18904 --- [           main] utoConfigurationReportLoggingInitializer : 

Error starting ApplicationContext. To display the auto-configuration report re-run your application with 'debug' enabled.
2023-12-11 16:38:20.454 ERROR 18904 --- [           main] o.s.b.d.LoggingFailureAnalysisReporter   : 

***************************
APPLICATION FAILED TO START
***************************

Description:

The Tomcat connector configured to listen on port 7051 failed to start. The port may already be in use or the connector may be misconfigured.

Action:

Verify the connector's configuration, identify and stop any process that's listening on port 7051, or configure this application to listen on another port.

2023-12-11 16:38:20.476  INFO 18904 --- [           main] ationConfigEmbeddedWebApplicationContext : Closing org.springframework.boot.context.embedded.AnnotationConfigEmbeddedWebApplicationContext@61e4705b: startup date [Mon Dec 11 16:38:07 EST 2023]; root of context hierarchy
2023-12-11 16:38:20.525  INFO 18904 --- [           main] o.s.j.e.a.AnnotationMBeanExporter        : Unregistering JMX-exposed beans on shutdown

  .   ____          _            __ _ _
 /\\ / ___'_ __ _ _(_)_ __  __ _ \ \ \ \
( ( )\___ | '_ | '_| | '_ \/ _` | \ \ \ \
 \\/  ___)| |_)| | | | | || (_| |  ) ) ) )
  '  |____| .__|_| |_|_| |_\__, | / / / /
 =========|_|==============|___/=/_/_/_/
 :: Spring Boot ::        (v1.4.3.RELEASE)

2023-12-11 23:36:00.190  INFO 21812 --- [           main] c.s.test.rogersmoneris.MockMonerisApp    : Starting MockMonerisApp v0.0.1-SNAPSHOT on L014794 with PID 21812 (C:\Users\Farheen.Syed\Downloads\CIPSC\tn-dispatcher\monerismock\target\monerismock-0.0.1-SNAPSHOT.jar started by Farheen.Syed in C:\Users\Farheen.Syed\Downloads\CIPSC\tn-dispatcher\monerismock\src\main\bin)
2023-12-11 23:36:00.205  INFO 21812 --- [           main] c.s.test.rogersmoneris.MockMonerisApp    : No active profile set, falling back to default profiles: default
2023-12-11 23:36:00.575  INFO 21812 --- [           main] ationConfigEmbeddedWebApplicationContext : Refreshing org.springframework.boot.context.embedded.AnnotationConfigEmbeddedWebApplicationContext@61e4705b: startup date [Mon Dec 11 23:36:00 EST 2023]; root of context hierarchy
2023-12-11 23:36:08.212  INFO 21812 --- [           main] s.b.c.e.t.TomcatEmbeddedServletContainer : Tomcat initialized with port(s): 7051 (https)
2023-12-11 23:36:08.257  INFO 21812 --- [           main] o.apache.catalina.core.StandardService   : Starting service Tomcat
2023-12-11 23:36:08.260  INFO 21812 --- [           main] org.apache.catalina.core.StandardEngine  : Starting Servlet Engine: Apache Tomcat/8.5.6
2023-12-11 23:36:10.223  INFO 21812 --- [ost-startStop-1] o.a.c.c.C.[Tomcat].[localhost].[/]       : Initializing Spring embedded WebApplicationContext
2023-12-11 23:36:10.223  INFO 21812 --- [ost-startStop-1] o.s.web.context.ContextLoader            : Root WebApplicationContext: initialization completed in 9656 ms
2023-12-11 23:36:10.938  INFO 21812 --- [ost-startStop-1] o.s.b.w.servlet.ServletRegistrationBean  : Mapping servlet: 'dispatcherServlet' to [/]
2023-12-11 23:36:10.956  INFO 21812 --- [ost-startStop-1] o.s.b.w.servlet.FilterRegistrationBean   : Mapping filter: 'characterEncodingFilter' to: [/*]
2023-12-11 23:36:10.957  INFO 21812 --- [ost-startStop-1] o.s.b.w.servlet.FilterRegistrationBean   : Mapping filter: 'hiddenHttpMethodFilter' to: [/*]
2023-12-11 23:36:10.957  INFO 21812 --- [ost-startStop-1] o.s.b.w.servlet.FilterRegistrationBean   : Mapping filter: 'httpPutFormContentFilter' to: [/*]
2023-12-11 23:36:10.958  INFO 21812 --- [ost-startStop-1] o.s.b.w.servlet.FilterRegistrationBean   : Mapping filter: 'requestContextFilter' to: [/*]
2023-12-11 23:36:11.239  INFO 21812 --- [           main] o.s.oxm.jaxb.Jaxb2Marshaller             : Creating JAXBContext with context path [com.semafone.test.rogersmoneris.generated.mnrequest]
2023-12-11 23:36:11.452  INFO 21812 --- [           main] o.s.oxm.jaxb.Jaxb2Marshaller             : Creating JAXBContext with context path [com.semafone.test.rogersmoneris.generated.mnresponse]
2023-12-11 23:36:11.656  INFO 21812 --- [           main] c.s.t.r.profile.MockDataParser           : --------------Adding Credentials--------------
2023-12-11 23:36:11.656  INFO 21812 --- [           main] c.s.t.r.profile.MockDataParser           : [username, password]
2023-12-11 23:36:11.657  INFO 21812 --- [           main] c.s.t.r.profile.MockDataParser           : --------------Adding Card Profile--------------
2023-12-11 23:36:11.657  INFO 21812 --- [           main] c.s.t.r.profile.MockDataParser           : [100, 5404000000000001, 9668475942450001, M]
2023-12-11 23:36:11.674  INFO 21812 --- [           main] c.s.t.r.profile.MockDataParser           : --------------Adding Card Profile--------------
2023-12-11 23:36:11.674  INFO 21812 --- [           main] c.s.t.r.profile.MockDataParser           : [100, 4111111111111111, 9668475942450012, V]
2023-12-11 23:36:11.674  INFO 21812 --- [           main] c.s.t.r.profile.MockDataParser           : --------------Adding Card Profile--------------
2023-12-11 23:36:11.674  INFO 21812 --- [           main] c.s.t.r.profile.MockDataParser           : [100, 5105105105105100, 9668475942450013, M]
2023-12-11 23:36:11.674  INFO 21812 --- [           main] c.s.t.r.profile.MockDataParser           : --------------Adding Card Profile--------------
2023-12-11 23:36:11.674  INFO 21812 --- [           main] c.s.t.r.profile.MockDataParser           : [100, 5555555555554444, 9668475942450014, M]
2023-12-11 23:36:11.675  INFO 21812 --- [           main] c.s.t.r.profile.MockDataParser           : --------------Adding Card Profile--------------
2023-12-11 23:36:11.675  INFO 21812 --- [           main] c.s.t.r.profile.MockDataParser           : [100, 2223000048400011, 9668475942450015, M]
2023-12-11 23:36:11.675  INFO 21812 --- [           main] c.s.t.r.profile.MockDataParser           : --------------Adding Card Profile--------------
2023-12-11 23:36:11.675  INFO 21812 --- [           main] c.s.t.r.profile.MockDataParser           : [100, 2720990048400011, 9668475942450715, M]
2023-12-11 23:36:11.675  INFO 21812 --- [           main] c.s.t.r.profile.MockDataParser           : --------------Adding Card Profile--------------
2023-12-11 23:36:11.675  INFO 21812 --- [           main] c.s.t.r.profile.MockDataParser           : [100, 378282246310005, 9668475942450016, A]
2023-12-11 23:36:11.676  INFO 21812 --- [           main] c.s.t.r.profile.MockDataParser           : --------------Adding Card Profile--------------
2023-12-11 23:36:11.676  INFO 21812 --- [           main] c.s.t.r.profile.MockDataParser           : [100, 38520000023237, 9668475942450017, D]
2023-12-11 23:36:11.676  INFO 21812 --- [           main] c.s.t.r.profile.MockDataParser           : --------------Adding Card Profile--------------
2023-12-11 23:36:11.676  INFO 21812 --- [           main] c.s.t.r.profile.MockDataParser           : [101, , 9668475942450002, ]
2023-12-11 23:36:11.676  INFO 21812 --- [           main] c.s.t.r.profile.MockDataParser           : --------------Adding Card Profile--------------
2023-12-11 23:36:11.676  INFO 21812 --- [           main] c.s.t.r.profile.MockDataParser           : [102, 5404000555000001, , M]
2023-12-11 23:36:11.677  INFO 21812 --- [           main] c.s.t.r.profile.MockDataParser           : --------------Adding Card Profile--------------
2023-12-11 23:36:11.677  INFO 21812 --- [           main] c.s.t.r.profile.MockDataParser           : [103, 3569990000000009, , M]
2023-12-11 23:36:11.677  INFO 21812 --- [           main] c.s.t.r.profile.MockDataParser           : --------------Adding Card Profile--------------
2023-12-11 23:36:11.677  INFO 21812 --- [           main] c.s.t.r.profile.MockDataParser           : [104, 4917300000000008, , V]
2023-12-11 23:36:11.677  INFO 21812 --- [           main] c.s.t.r.profile.MockDataParser           : --------------Adding Card Profile--------------
2023-12-11 23:36:11.677  INFO 21812 --- [           main] c.s.t.r.profile.MockDataParser           : [105, 5404000000000043, , M]
2023-12-11 23:36:11.677  INFO 21812 --- [           main] c.s.t.r.profile.MockDataParser           : --------------Adding Card Profile--------------
2023-12-11 23:36:11.677  INFO 21812 --- [           main] c.s.t.r.profile.MockDataParser           : [106a, 5404000000000084, 9668475942450003, M]
2023-12-11 23:36:11.677  INFO 21812 --- [           main] c.s.t.r.profile.MockDataParser           : --------------Adding Card Profile--------------
2023-12-11 23:36:11.677  INFO 21812 --- [           main] c.s.t.r.profile.MockDataParser           : [106b, 5404000000000284, 9668475942450023, M]
2023-12-11 23:36:11.678  INFO 21812 --- [           main] c.s.t.r.profile.MockDataParser           : --------------Adding Card Profile--------------
2023-12-11 23:36:11.678  INFO 21812 --- [           main] c.s.t.r.profile.MockDataParser           : [200, 5404000000000068, 9668475942450004, M]
2023-12-11 23:36:11.678  INFO 21812 --- [           main] c.s.t.r.profile.MockDataParser           : --------------Adding Card Profile--------------
2023-12-11 23:36:11.679  INFO 21812 --- [           main] c.s.t.r.profile.MockDataParser           : [201, 5404000000001168, 9668475942451104, M]
2023-12-11 23:36:11.679  INFO 21812 --- [           main] c.s.t.r.profile.MockDataParser           : --------------Adding Card Profile--------------
2023-12-11 23:36:11.679  INFO 21812 --- [           main] c.s.t.r.profile.MockDataParser           : [null, 4000000000000002, 9668475942450005, V]
2023-12-11 23:36:11.679  INFO 21812 --- [           main] c.s.t.r.profile.MockDataParser           : --------------Adding Card Profile--------------
2023-12-11 23:36:11.680  INFO 21812 --- [           main] c.s.t.r.profile.MockDataParser           : [x1, 4000000000003001, 9668475942453001, V]
2023-12-11 23:36:12.373  INFO 21812 --- [           main] s.w.s.m.m.a.RequestMappingHandlerAdapter : Looking for @ControllerAdvice: org.springframework.boot.context.embedded.AnnotationConfigEmbeddedWebApplicationContext@61e4705b: startup date [Mon Dec 11 23:36:00 EST 2023]; root of context hierarchy
2023-12-11 23:36:12.712  INFO 21812 --- [           main] s.w.s.m.m.a.RequestMappingHandlerMapping : Mapped "{[/moneris],methods=[POST],produces=[application/xml]}" onto public java.lang.String com.semafone.test.rogersmoneris.controller.TokenisationController.handlePost(java.lang.String) throws org.springframework.oxm.XmlMappingException,java.io.IOException
2023-12-11 23:36:12.718  INFO 21812 --- [           main] s.w.s.m.m.a.RequestMappingHandlerMapping : Mapped "{[/error]}" onto public org.springframework.http.ResponseEntity<java.util.Map<java.lang.String, java.lang.Object>> org.springframework.boot.autoconfigure.web.BasicErrorController.error(javax.servlet.http.HttpServletRequest)
2023-12-11 23:36:12.719  INFO 21812 --- [           main] s.w.s.m.m.a.RequestMappingHandlerMapping : Mapped "{[/error],produces=[text/html]}" onto public org.springframework.web.servlet.ModelAndView org.springframework.boot.autoconfigure.web.BasicErrorController.errorHtml(javax.servlet.http.HttpServletRequest,javax.servlet.http.HttpServletResponse)
2023-12-11 23:36:12.770  INFO 21812 --- [           main] o.s.w.s.handler.SimpleUrlHandlerMapping  : Mapped URL path [/webjars/**] onto handler of type [class org.springframework.web.servlet.resource.ResourceHttpRequestHandler]
2023-12-11 23:36:12.770  INFO 21812 --- [           main] o.s.w.s.handler.SimpleUrlHandlerMapping  : Mapped URL path [/**] onto handler of type [class org.springframework.web.servlet.resource.ResourceHttpRequestHandler]
2023-12-11 23:36:12.863  INFO 21812 --- [           main] o.s.w.s.handler.SimpleUrlHandlerMapping  : Mapped URL path [/**/favicon.ico] onto handler of type [class org.springframework.web.servlet.resource.ResourceHttpRequestHandler]
2023-12-11 23:36:13.302  INFO 21812 --- [           main] o.s.j.e.a.AnnotationMBeanExporter        : Registering beans for JMX exposure on startup
2023-12-11 23:36:17.649 ERROR 21812 --- [           main] org.apache.tomcat.util.net.SSLUtilBase   : Failed to load keystore type [PKCS12] with path [file:/C:/Users/Farheen.Syed/Downloads/CIPSC/tn-dispatcher/monerismock/src/main/bin/monerismock.p12] due to [C:\Users\Farheen.Syed\Downloads\CIPSC\tn-dispatcher\monerismock\src\main\bin\monerismock.p12 (The system cannot find the file specified)]

java.io.FileNotFoundException: C:\Users\Farheen.Syed\Downloads\CIPSC\tn-dispatcher\monerismock\src\main\bin\monerismock.p12 (The system cannot find the file specified)
	at java.io.FileInputStream.open0(Native Method) ~[na:1.8.0_361]
	at java.io.FileInputStream.open(FileInputStream.java:195) ~[na:1.8.0_361]
	at java.io.FileInputStream.<init>(FileInputStream.java:138) ~[na:1.8.0_361]
	at java.io.FileInputStream.<init>(FileInputStream.java:93) ~[na:1.8.0_361]
	at sun.net.www.protocol.file.FileURLConnection.connect(FileURLConnection.java:90) ~[na:1.8.0_361]
	at sun.net.www.protocol.file.FileURLConnection.getInputStream(FileURLConnection.java:188) ~[na:1.8.0_361]
	at org.apache.tomcat.util.file.ConfigFileLoader.getInputStream(ConfigFileLoader.java:96) ~[tomcat-embed-core-8.5.6.jar!/:8.5.6]
	at org.apache.tomcat.util.net.SSLUtilBase.getStore(SSLUtilBase.java:129) ~[tomcat-embed-core-8.5.6.jar!/:8.5.6]
	at org.apache.tomcat.util.net.SSLHostConfigCertificate.getCertificateKeystore(SSLHostConfigCertificate.java:187) [tomcat-embed-core-8.5.6.jar!/:8.5.6]
	at org.apache.tomcat.util.net.jsse.JSSEUtil.getKeyManagers(JSSEUtil.java:185) [tomcat-embed-core-8.5.6.jar!/:8.5.6]
	at org.apache.tomcat.util.net.AbstractJsseEndpoint.createSSLContext(AbstractJsseEndpoint.java:101) [tomcat-embed-core-8.5.6.jar!/:8.5.6]
	at org.apache.tomcat.util.net.AbstractJsseEndpoint.initialiseSsl(AbstractJsseEndpoint.java:81) [tomcat-embed-core-8.5.6.jar!/:8.5.6]
	at org.apache.tomcat.util.net.NioEndpoint.bind(NioEndpoint.java:244) [tomcat-embed-core-8.5.6.jar!/:8.5.6]
	at org.apache.tomcat.util.net.AbstractEndpoint.start(AbstractEndpoint.java:874) [tomcat-embed-core-8.5.6.jar!/:8.5.6]
	at org.apache.coyote.AbstractProtocol.start(AbstractProtocol.java:590) [tomcat-embed-core-8.5.6.jar!/:8.5.6]
	at org.apache.catalina.connector.Connector.startInternal(Connector.java:969) [tomcat-embed-core-8.5.6.jar!/:8.5.6]
	at org.apache.catalina.util.LifecycleBase.start(LifecycleBase.java:150) [tomcat-embed-core-8.5.6.jar!/:8.5.6]
	at org.apache.catalina.core.StandardService.addConnector(StandardService.java:225) [tomcat-embed-core-8.5.6.jar!/:8.5.6]
	at org.springframework.boot.context.embedded.tomcat.TomcatEmbeddedServletContainer.addPreviouslyRemovedConnectors(TomcatEmbeddedServletContainer.java:233) [spring-boot-1.4.3.RELEASE.jar!/:1.4.3.RELEASE]
	at org.springframework.boot.context.embedded.tomcat.TomcatEmbeddedServletContainer.start(TomcatEmbeddedServletContainer.java:178) [spring-boot-1.4.3.RELEASE.jar!/:1.4.3.RELEASE]
	at org.springframework.boot.context.embedded.EmbeddedWebApplicationContext.startEmbeddedServletContainer(EmbeddedWebApplicationContext.java:297) [spring-boot-1.4.3.RELEASE.jar!/:1.4.3.RELEASE]
	at org.springframework.boot.context.embedded.EmbeddedWebApplicationContext.finishRefresh(EmbeddedWebApplicationContext.java:145) [spring-boot-1.4.3.RELEASE.jar!/:1.4.3.RELEASE]
	at org.springframework.context.support.AbstractApplicationContext.refresh(AbstractApplicationContext.java:545) [spring-context-4.3.5.RELEASE.jar!/:4.3.5.RELEASE]
	at org.springframework.boot.context.embedded.EmbeddedWebApplicationContext.refresh(EmbeddedWebApplicationContext.java:122) [spring-boot-1.4.3.RELEASE.jar!/:1.4.3.RELEASE]
	at org.springframework.boot.SpringApplication.refresh(SpringApplication.java:761) [spring-boot-1.4.3.RELEASE.jar!/:1.4.3.RELEASE]
	at org.springframework.boot.SpringApplication.refreshContext(SpringApplication.java:371) [spring-boot-1.4.3.RELEASE.jar!/:1.4.3.RELEASE]
	at org.springframework.boot.SpringApplication.run(SpringApplication.java:315) [spring-boot-1.4.3.RELEASE.jar!/:1.4.3.RELEASE]
	at org.springframework.boot.SpringApplication.run(SpringApplication.java:1186) [spring-boot-1.4.3.RELEASE.jar!/:1.4.3.RELEASE]
	at org.springframework.boot.SpringApplication.run(SpringApplication.java:1175) [spring-boot-1.4.3.RELEASE.jar!/:1.4.3.RELEASE]
	at com.semafone.test.rogersmoneris.MockMonerisApp.main(MockMonerisApp.java:9) [classes!/:0.0.1-SNAPSHOT]
	at sun.reflect.NativeMethodAccessorImpl.invoke0(Native Method) ~[na:1.8.0_361]
	at sun.reflect.NativeMethodAccessorImpl.invoke(NativeMethodAccessorImpl.java:62) ~[na:1.8.0_361]
	at sun.reflect.DelegatingMethodAccessorImpl.invoke(DelegatingMethodAccessorImpl.java:43) ~[na:1.8.0_361]
	at java.lang.reflect.Method.invoke(Method.java:498) ~[na:1.8.0_361]
	at org.springframework.boot.loader.MainMethodRunner.run(MainMethodRunner.java:48) [monerismock-0.0.1-SNAPSHOT.jar:0.0.1-SNAPSHOT]
	at org.springframework.boot.loader.Launcher.launch(Launcher.java:87) [monerismock-0.0.1-SNAPSHOT.jar:0.0.1-SNAPSHOT]
	at org.springframework.boot.loader.Launcher.launch(Launcher.java:50) [monerismock-0.0.1-SNAPSHOT.jar:0.0.1-SNAPSHOT]
	at org.springframework.boot.loader.JarLauncher.main(JarLauncher.java:51) [monerismock-0.0.1-SNAPSHOT.jar:0.0.1-SNAPSHOT]

2023-12-11 23:36:17.651 ERROR 21812 --- [           main] o.a.coyote.http11.Http11NioProtocol      : Failed to start end point associated with ProtocolHandler [https-jsse-nio-7051]

java.lang.IllegalArgumentException: java.io.FileNotFoundException: C:\Users\Farheen.Syed\Downloads\CIPSC\tn-dispatcher\monerismock\src\main\bin\monerismock.p12 (The system cannot find the file specified)
	at org.apache.tomcat.util.net.AbstractJsseEndpoint.createSSLContext(AbstractJsseEndpoint.java:103) ~[tomcat-embed-core-8.5.6.jar!/:8.5.6]
	at org.apache.tomcat.util.net.AbstractJsseEndpoint.initialiseSsl(AbstractJsseEndpoint.java:81) ~[tomcat-embed-core-8.5.6.jar!/:8.5.6]
	at org.apache.tomcat.util.net.NioEndpoint.bind(NioEndpoint.java:244) ~[tomcat-embed-core-8.5.6.jar!/:8.5.6]
	at org.apache.tomcat.util.net.AbstractEndpoint.start(AbstractEndpoint.java:874) ~[tomcat-embed-core-8.5.6.jar!/:8.5.6]
	at org.apache.coyote.AbstractProtocol.start(AbstractProtocol.java:590) ~[tomcat-embed-core-8.5.6.jar!/:8.5.6]
	at org.apache.catalina.connector.Connector.startInternal(Connector.java:969) [tomcat-embed-core-8.5.6.jar!/:8.5.6]
	at org.apache.catalina.util.LifecycleBase.start(LifecycleBase.java:150) [tomcat-embed-core-8.5.6.jar!/:8.5.6]
	at org.apache.catalina.core.StandardService.addConnector(StandardService.java:225) [tomcat-embed-core-8.5.6.jar!/:8.5.6]
	at org.springframework.boot.context.embedded.tomcat.TomcatEmbeddedServletContainer.addPreviouslyRemovedConnectors(TomcatEmbeddedServletContainer.java:233) [spring-boot-1.4.3.RELEASE.jar!/:1.4.3.RELEASE]
	at org.springframework.boot.context.embedded.tomcat.TomcatEmbeddedServletContainer.start(TomcatEmbeddedServletContainer.java:178) [spring-boot-1.4.3.RELEASE.jar!/:1.4.3.RELEASE]
	at org.springframework.boot.context.embedded.EmbeddedWebApplicationContext.startEmbeddedServletContainer(EmbeddedWebApplicationContext.java:297) [spring-boot-1.4.3.RELEASE.jar!/:1.4.3.RELEASE]
	at org.springframework.boot.context.embedded.EmbeddedWebApplicationContext.finishRefresh(EmbeddedWebApplicationContext.java:145) [spring-boot-1.4.3.RELEASE.jar!/:1.4.3.RELEASE]
	at org.springframework.context.support.AbstractApplicationContext.refresh(AbstractApplicationContext.java:545) [spring-context-4.3.5.RELEASE.jar!/:4.3.5.RELEASE]
	at org.springframework.boot.context.embedded.EmbeddedWebApplicationContext.refresh(EmbeddedWebApplicationContext.java:122) [spring-boot-1.4.3.RELEASE.jar!/:1.4.3.RELEASE]
	at org.springframework.boot.SpringApplication.refresh(SpringApplication.java:761) [spring-boot-1.4.3.RELEASE.jar!/:1.4.3.RELEASE]
	at org.springframework.boot.SpringApplication.refreshContext(SpringApplication.java:371) [spring-boot-1.4.3.RELEASE.jar!/:1.4.3.RELEASE]
	at org.springframework.boot.SpringApplication.run(SpringApplication.java:315) [spring-boot-1.4.3.RELEASE.jar!/:1.4.3.RELEASE]
	at org.springframework.boot.SpringApplication.run(SpringApplication.java:1186) [spring-boot-1.4.3.RELEASE.jar!/:1.4.3.RELEASE]
	at org.springframework.boot.SpringApplication.run(SpringApplication.java:1175) [spring-boot-1.4.3.RELEASE.jar!/:1.4.3.RELEASE]
	at com.semafone.test.rogersmoneris.MockMonerisApp.main(MockMonerisApp.java:9) [classes!/:0.0.1-SNAPSHOT]
	at sun.reflect.NativeMethodAccessorImpl.invoke0(Native Method) ~[na:1.8.0_361]
	at sun.reflect.NativeMethodAccessorImpl.invoke(NativeMethodAccessorImpl.java:62) ~[na:1.8.0_361]
	at sun.reflect.DelegatingMethodAccessorImpl.invoke(DelegatingMethodAccessorImpl.java:43) ~[na:1.8.0_361]
	at java.lang.reflect.Method.invoke(Method.java:498) ~[na:1.8.0_361]
	at org.springframework.boot.loader.MainMethodRunner.run(MainMethodRunner.java:48) [monerismock-0.0.1-SNAPSHOT.jar:0.0.1-SNAPSHOT]
	at org.springframework.boot.loader.Launcher.launch(Launcher.java:87) [monerismock-0.0.1-SNAPSHOT.jar:0.0.1-SNAPSHOT]
	at org.springframework.boot.loader.Launcher.launch(Launcher.java:50) [monerismock-0.0.1-SNAPSHOT.jar:0.0.1-SNAPSHOT]
	at org.springframework.boot.loader.JarLauncher.main(JarLauncher.java:51) [monerismock-0.0.1-SNAPSHOT.jar:0.0.1-SNAPSHOT]
Caused by: java.io.FileNotFoundException: C:\Users\Farheen.Syed\Downloads\CIPSC\tn-dispatcher\monerismock\src\main\bin\monerismock.p12 (The system cannot find the file specified)
	at java.io.FileInputStream.open0(Native Method) ~[na:1.8.0_361]
	at java.io.FileInputStream.open(FileInputStream.java:195) ~[na:1.8.0_361]
	at java.io.FileInputStream.<init>(FileInputStream.java:138) ~[na:1.8.0_361]
	at java.io.FileInputStream.<init>(FileInputStream.java:93) ~[na:1.8.0_361]
	at sun.net.www.protocol.file.FileURLConnection.connect(FileURLConnection.java:90) ~[na:1.8.0_361]
	at sun.net.www.protocol.file.FileURLConnection.getInputStream(FileURLConnection.java:188) ~[na:1.8.0_361]
	at org.apache.tomcat.util.file.ConfigFileLoader.getInputStream(ConfigFileLoader.java:96) ~[tomcat-embed-core-8.5.6.jar!/:8.5.6]
	at org.apache.tomcat.util.net.SSLUtilBase.getStore(SSLUtilBase.java:129) ~[tomcat-embed-core-8.5.6.jar!/:8.5.6]
	at org.apache.tomcat.util.net.SSLHostConfigCertificate.getCertificateKeystore(SSLHostConfigCertificate.java:187) ~[tomcat-embed-core-8.5.6.jar!/:8.5.6]
	at org.apache.tomcat.util.net.jsse.JSSEUtil.getKeyManagers(JSSEUtil.java:185) ~[tomcat-embed-core-8.5.6.jar!/:8.5.6]
	at org.apache.tomcat.util.net.AbstractJsseEndpoint.createSSLContext(AbstractJsseEndpoint.java:101) ~[tomcat-embed-core-8.5.6.jar!/:8.5.6]
	... 27 common frames omitted

2023-12-11 23:36:17.655 ERROR 21812 --- [           main] o.apache.catalina.core.StandardService   : Failed to start connector [Connector[HTTP/1.1-7051]]

org.apache.catalina.LifecycleException: Failed to start component [Connector[HTTP/1.1-7051]]
	at org.apache.catalina.util.LifecycleBase.start(LifecycleBase.java:167) ~[tomcat-embed-core-8.5.6.jar!/:8.5.6]
	at org.apache.catalina.core.StandardService.addConnector(StandardService.java:225) ~[tomcat-embed-core-8.5.6.jar!/:8.5.6]
	at org.springframework.boot.context.embedded.tomcat.TomcatEmbeddedServletContainer.addPreviouslyRemovedConnectors(TomcatEmbeddedServletContainer.java:233) [spring-boot-1.4.3.RELEASE.jar!/:1.4.3.RELEASE]
	at org.springframework.boot.context.embedded.tomcat.TomcatEmbeddedServletContainer.start(TomcatEmbeddedServletContainer.java:178) [spring-boot-1.4.3.RELEASE.jar!/:1.4.3.RELEASE]
	at org.springframework.boot.context.embedded.EmbeddedWebApplicationContext.startEmbeddedServletContainer(EmbeddedWebApplicationContext.java:297) [spring-boot-1.4.3.RELEASE.jar!/:1.4.3.RELEASE]
	at org.springframework.boot.context.embedded.EmbeddedWebApplicationContext.finishRefresh(EmbeddedWebApplicationContext.java:145) [spring-boot-1.4.3.RELEASE.jar!/:1.4.3.RELEASE]
	at org.springframework.context.support.AbstractApplicationContext.refresh(AbstractApplicationContext.java:545) [spring-context-4.3.5.RELEASE.jar!/:4.3.5.RELEASE]
	at org.springframework.boot.context.embedded.EmbeddedWebApplicationContext.refresh(EmbeddedWebApplicationContext.java:122) [spring-boot-1.4.3.RELEASE.jar!/:1.4.3.RELEASE]
	at org.springframework.boot.SpringApplication.refresh(SpringApplication.java:761) [spring-boot-1.4.3.RELEASE.jar!/:1.4.3.RELEASE]
	at org.springframework.boot.SpringApplication.refreshContext(SpringApplication.java:371) [spring-boot-1.4.3.RELEASE.jar!/:1.4.3.RELEASE]
	at org.springframework.boot.SpringApplication.run(SpringApplication.java:315) [spring-boot-1.4.3.RELEASE.jar!/:1.4.3.RELEASE]
	at org.springframework.boot.SpringApplication.run(SpringApplication.java:1186) [spring-boot-1.4.3.RELEASE.jar!/:1.4.3.RELEASE]
	at org.springframework.boot.SpringApplication.run(SpringApplication.java:1175) [spring-boot-1.4.3.RELEASE.jar!/:1.4.3.RELEASE]
	at com.semafone.test.rogersmoneris.MockMonerisApp.main(MockMonerisApp.java:9) [classes!/:0.0.1-SNAPSHOT]
	at sun.reflect.NativeMethodAccessorImpl.invoke0(Native Method) ~[na:1.8.0_361]
	at sun.reflect.NativeMethodAccessorImpl.invoke(NativeMethodAccessorImpl.java:62) ~[na:1.8.0_361]
	at sun.reflect.DelegatingMethodAccessorImpl.invoke(DelegatingMethodAccessorImpl.java:43) ~[na:1.8.0_361]
	at java.lang.reflect.Method.invoke(Method.java:498) ~[na:1.8.0_361]
	at org.springframework.boot.loader.MainMethodRunner.run(MainMethodRunner.java:48) [monerismock-0.0.1-SNAPSHOT.jar:0.0.1-SNAPSHOT]
	at org.springframework.boot.loader.Launcher.launch(Launcher.java:87) [monerismock-0.0.1-SNAPSHOT.jar:0.0.1-SNAPSHOT]
	at org.springframework.boot.loader.Launcher.launch(Launcher.java:50) [monerismock-0.0.1-SNAPSHOT.jar:0.0.1-SNAPSHOT]
	at org.springframework.boot.loader.JarLauncher.main(JarLauncher.java:51) [monerismock-0.0.1-SNAPSHOT.jar:0.0.1-SNAPSHOT]
Caused by: org.apache.catalina.LifecycleException: service.getName(): "Tomcat";  Protocol handler start failed
	at org.apache.catalina.connector.Connector.startInternal(Connector.java:976) ~[tomcat-embed-core-8.5.6.jar!/:8.5.6]
	at org.apache.catalina.util.LifecycleBase.start(LifecycleBase.java:150) ~[tomcat-embed-core-8.5.6.jar!/:8.5.6]
	... 21 common frames omitted
Caused by: java.lang.IllegalArgumentException: java.io.FileNotFoundException: C:\Users\Farheen.Syed\Downloads\CIPSC\tn-dispatcher\monerismock\src\main\bin\monerismock.p12 (The system cannot find the file specified)
	at org.apache.tomcat.util.net.AbstractJsseEndpoint.createSSLContext(AbstractJsseEndpoint.java:103) ~[tomcat-embed-core-8.5.6.jar!/:8.5.6]
	at org.apache.tomcat.util.net.AbstractJsseEndpoint.initialiseSsl(AbstractJsseEndpoint.java:81) ~[tomcat-embed-core-8.5.6.jar!/:8.5.6]
	at org.apache.tomcat.util.net.NioEndpoint.bind(NioEndpoint.java:244) ~[tomcat-embed-core-8.5.6.jar!/:8.5.6]
	at org.apache.tomcat.util.net.AbstractEndpoint.start(AbstractEndpoint.java:874) ~[tomcat-embed-core-8.5.6.jar!/:8.5.6]
	at org.apache.coyote.AbstractProtocol.start(AbstractProtocol.java:590) ~[tomcat-embed-core-8.5.6.jar!/:8.5.6]
	at org.apache.catalina.connector.Connector.startInternal(Connector.java:969) ~[tomcat-embed-core-8.5.6.jar!/:8.5.6]
	... 22 common frames omitted
Caused by: java.io.FileNotFoundException: C:\Users\Farheen.Syed\Downloads\CIPSC\tn-dispatcher\monerismock\src\main\bin\monerismock.p12 (The system cannot find the file specified)
	at java.io.FileInputStream.open0(Native Method) ~[na:1.8.0_361]
	at java.io.FileInputStream.open(FileInputStream.java:195) ~[na:1.8.0_361]
	at java.io.FileInputStream.<init>(FileInputStream.java:138) ~[na:1.8.0_361]
	at java.io.FileInputStream.<init>(FileInputStream.java:93) ~[na:1.8.0_361]
	at sun.net.www.protocol.file.FileURLConnection.connect(FileURLConnection.java:90) ~[na:1.8.0_361]
	at sun.net.www.protocol.file.FileURLConnection.getInputStream(FileURLConnection.java:188) ~[na:1.8.0_361]
	at org.apache.tomcat.util.file.ConfigFileLoader.getInputStream(ConfigFileLoader.java:96) ~[tomcat-embed-core-8.5.6.jar!/:8.5.6]
	at org.apache.tomcat.util.net.SSLUtilBase.getStore(SSLUtilBase.java:129) ~[tomcat-embed-core-8.5.6.jar!/:8.5.6]
	at org.apache.tomcat.util.net.SSLHostConfigCertificate.getCertificateKeystore(SSLHostConfigCertificate.java:187) ~[tomcat-embed-core-8.5.6.jar!/:8.5.6]
	at org.apache.tomcat.util.net.jsse.JSSEUtil.getKeyManagers(JSSEUtil.java:185) ~[tomcat-embed-core-8.5.6.jar!/:8.5.6]
	at org.apache.tomcat.util.net.AbstractJsseEndpoint.createSSLContext(AbstractJsseEndpoint.java:101) ~[tomcat-embed-core-8.5.6.jar!/:8.5.6]
	... 27 common frames omitted

2023-12-11 23:36:17.683  INFO 21812 --- [           main] o.apache.catalina.core.StandardService   : Stopping service Tomcat
2023-12-11 23:36:17.725  INFO 21812 --- [           main] utoConfigurationReportLoggingInitializer : 

Error starting ApplicationContext. To display the auto-configuration report re-run your application with 'debug' enabled.
2023-12-11 23:36:17.740 ERROR 21812 --- [           main] o.s.b.d.LoggingFailureAnalysisReporter   : 

***************************
APPLICATION FAILED TO START
***************************

Description:

The Tomcat connector configured to listen on port 7051 failed to start. The port may already be in use or the connector may be misconfigured.

Action:

Verify the connector's configuration, identify and stop any process that's listening on port 7051, or configure this application to listen on another port.

2023-12-11 23:36:17.746  INFO 21812 --- [           main] ationConfigEmbeddedWebApplicationContext : Closing org.springframework.boot.context.embedded.AnnotationConfigEmbeddedWebApplicationContext@61e4705b: startup date [Mon Dec 11 23:36:00 EST 2023]; root of context hierarchy
2023-12-11 23:36:17.754  INFO 21812 --- [           main] o.s.j.e.a.AnnotationMBeanExporter        : Unregistering JMX-exposed beans on shutdown
